#
# A fatal error has been detected by the Java Runtime Environment:
#
#  EXCEPTION_ACCESS_VIOLATION (0xc0000005) at pc=0x100035e0, pid=3424, tid=5004
#
# JRE version: 6.0_25-b06
# Java VM: Java HotSpot(TM) Client VM (20.0-b11 mixed mode, sharing windows-x86 )
# Problematic frame:
# C  0x100035e0
#
# If you would like to submit a bug report, please visit:
#   http://java.sun.com/webapps/bugreport/crash.jsp
# The crash happened outside the Java Virtual Machine in native code.
# See problematic frame for where to report the bug.
#

---------------  T H R E A D  ---------------

Current thread (0x02bab400):  JavaThread "Finalizer" daemon [_thread_in_native, id=5004, stack(0x02cf0000,0x02d40000)]

siginfo: ExceptionCode=0xc0000005, reading address 0x100035e0

Registers:
EAX=0x100035e0, EBX=0x33347948, ECX=0x02bab528, EDX=0x33366718
ESP=0x02d3f8ec, EBP=0x02d3f920, ESI=0x33347948, EDI=0x02bab400
EIP=0x100035e0, EFLAGS=0x00010287

Top of Stack: (sp=0x02d3f8ec)
0x02d3f8ec:   00979fc7 02bab528 02d3f928 03544008
0x02d3f8fc:   00000000 02d3f900 00000000 02d3f934
0x02d3f90c:   33366718 00000000 33347948 00000000
0x02d3f91c:   02d3f930 02d3f958 00972e21 33347d58
0x02d3f92c:   009782e9 03544008 00000000 02d3f938
0x02d3f93c:   33345adc 02d3f960 33366718 00000000
0x02d3f94c:   33345b00 02d3f930 02d3f960 02d3f97c
0x02d3f95c:   00970364 2841ed20 02d3f98c 6d99a5de 

Instructions: (pc=0x100035e0)
0x100035c0:   
[error occurred during error reporting (printing registers, top of stack, instructions near pc), id 0xc0000005]

Register to memory mapping:

EAX=0x100035e0 is an unknown value
EBX=0x33347948 is an oop
{method} 
 - klass: {other class}
ECX=0x02bab528 is an unknown value
EDX=0x33366718 is an oop
{constant pool cache} 
 - klass: {other class}
ESP=0x02d3f8ec is pointing into the stack for thread: 0x02bab400
EBP=0x02d3f920 is pointing into the stack for thread: 0x02bab400
ESI=0x33347948 is an oop
{method} 
 - klass: {other class}
EDI=0x02bab400 is a thread


Stack: [0x02cf0000,0x02d40000],  sp=0x02d3f8ec,  free space=318k
Native frames: (J=compiled Java code, j=interpreted, Vv=VM code, C=native code)
C  0x100035e0
j  com.sun.jna.Memory.finalize()V+4
v  ~StubRoutines::call_stub
V  [jvm.dll+0xfad0b]
V  [jvm.dll+0x18c241]
V  [jvm.dll+0xfad8d]
V  [jvm.dll+0x959c1]
V  [jvm.dll+0x98789]
C  [java.dll+0x2100]  Java_java_lang_ref_Finalizer_invokeFinalizeMethod+0x39
j  java.lang.ref.Finalizer.runFinalizer()V+45
j  java.lang.ref.Finalizer.access$100(Ljava/lang/ref/Finalizer;)V+1
j  java.lang.ref.Finalizer$FinalizerThread.run()V+11
v  ~StubRoutines::call_stub
V  [jvm.dll+0xfad0b]
V  [jvm.dll+0x18c241]
V  [jvm.dll+0xfaeb1]
V  [jvm.dll+0xfaf0b]
V  [jvm.dll+0xb5549]
V  [jvm.dll+0x118f44]
V  [jvm.dll+0x140a8c]
C  [msvcr71.dll+0x9565]  endthreadex+0xa0
C  [kernel32.dll+0xb713]  GetModuleFileNameA+0x1b4

Java frames: (J=compiled Java code, j=interpreted, Vv=VM code)
j  com.sun.jna.Memory.free(J)V+0
j  com.sun.jna.Memory.finalize()V+4
v  ~StubRoutines::call_stub
j  java.lang.ref.Finalizer.invokeFinalizeMethod(Ljava/lang/Object;)V+0
j  java.lang.ref.Finalizer.runFinalizer()V+45
j  java.lang.ref.Finalizer.access$100(Ljava/lang/ref/Finalizer;)V+1
j  java.lang.ref.Finalizer$FinalizerThread.run()V+11
v  ~StubRoutines::call_stub

---------------  P R O C E S S  ---------------

Java Threads: ( => current thread )
  0x032bac00 JavaThread "resolver-5" daemon [_thread_blocked, id=4568, stack(0x036d0000,0x03720000)]
  0x032b8000 JavaThread "resolver-4" daemon [_thread_blocked, id=2876, stack(0x03680000,0x036d0000)]
  0x032b7800 JavaThread "resolver-3" daemon [_thread_blocked, id=820, stack(0x03630000,0x03680000)]
  0x032b4800 JavaThread "resolver-2" daemon [_thread_blocked, id=5408, stack(0x035e0000,0x03630000)]
  0x032b4000 JavaThread "resolver-1" daemon [_thread_blocked, id=4292, stack(0x03590000,0x035e0000)]
  0x030a5400 JavaThread "com.google.inject.internal.util.$Finalizer" daemon [_thread_blocked, id=6116, stack(0x034e0000,0x03530000)]
  0x02bba800 JavaThread "Low Memory Detector" daemon [_thread_blocked, id=5320, stack(0x02e30000,0x02e80000)]
  0x02bb4400 JavaThread "C1 CompilerThread0" daemon [_thread_blocked, id=3236, stack(0x02de0000,0x02e30000)]
  0x02bb2c00 JavaThread "Attach Listener" daemon [_thread_blocked, id=5748, stack(0x02d90000,0x02de0000)]
  0x02bd0400 JavaThread "Signal Dispatcher" daemon [_thread_blocked, id=3892, stack(0x02d40000,0x02d90000)]
=>0x02bab400 JavaThread "Finalizer" daemon [_thread_in_native, id=5004, stack(0x02cf0000,0x02d40000)]
  0x02ba6c00 JavaThread "Reference Handler" daemon [_thread_blocked, id=4452, stack(0x02ca0000,0x02cf0000)]
  0x00316c00 JavaThread "main" [_thread_blocked, id=3268, stack(0x008f0000,0x00940000)]

Other Threads:
  0x02b6a800 VMThread [stack: 0x02c50000,0x02ca0000] [id=3020]
  0x02bc8400 WatcherThread [stack: 0x02e80000,0x02ed0000] [id=5196]

VM state:not at safepoint (normal execution)

VM Mutex/Monitor currently owned by a thread: None

Heap
 def new generation   total 4992K, used 147K [0x229e0000, 0x22f40000, 0x27f30000)
  eden space 4480K,   3% used [0x229e0000, 0x22a04c58, 0x22e40000)
  from space 512K,   0% used [0x22e40000, 0x22e40000, 0x22ec0000)
  to   space 512K,   0% used [0x22ec0000, 0x22ec0000, 0x22f40000)
 tenured generation   total 10944K, used 5188K [0x27f30000, 0x289e0000, 0x329e0000)
   the space 10944K,  47% used [0x27f30000, 0x28441148, 0x28441200, 0x289e0000)
 compacting perm gen  total 12288K, used 12071K [0x329e0000, 0x335e0000, 0x369e0000)
   the space 12288K,  98% used [0x329e0000, 0x335a9c08, 0x335a9e00, 0x335e0000)
    ro space 10240K,  54% used [0x369e0000, 0x36f5e770, 0x36f5e800, 0x373e0000)
    rw space 12288K,  55% used [0x373e0000, 0x37a84ac8, 0x37a84c00, 0x37fe0000)

Code Cache  [0x00970000, 0x00bd8000, 0x02970000)
 total_blobs=1323 nmethods=1149 adapters=109 free_code_cache=31060672 largest_free_block=384

Dynamic libraries:
0x00400000 - 0x00424000 	D:\env\Java\jdk\bin\java.exe
0x7c920000 - 0x7c9b6000 	C:\WINDOWS\system32\ntdll.dll
0x7c800000 - 0x7c91e000 	C:\WINDOWS\system32\kernel32.dll
0x77da0000 - 0x77e49000 	C:\WINDOWS\system32\ADVAPI32.dll
0x77e50000 - 0x77ee2000 	C:\WINDOWS\system32\RPCRT4.dll
0x77fc0000 - 0x77fd1000 	C:\WINDOWS\system32\Secur32.dll
0x7c340000 - 0x7c396000 	D:\env\Java\jdk\jre\bin\msvcr71.dll
0x6d8a0000 - 0x6db4f000 	D:\env\Java\jdk\jre\bin\client\jvm.dll
0x77d10000 - 0x77da0000 	C:\WINDOWS\system32\USER32.dll
0x77ef0000 - 0x77f39000 	C:\WINDOWS\system32\GDI32.dll
0x76b10000 - 0x76b3a000 	C:\WINDOWS\system32\WINMM.dll
0x76300000 - 0x7631d000 	C:\WINDOWS\system32\IMM32.DLL
0x62c20000 - 0x62c29000 	C:\WINDOWS\system32\LPK.DLL
0x73fa0000 - 0x7400b000 	C:\WINDOWS\system32\USP10.dll
0x6d850000 - 0x6d85c000 	D:\env\Java\jdk\jre\bin\verify.dll
0x6d3d0000 - 0x6d3ef000 	D:\env\Java\jdk\jre\bin\java.dll
0x76bc0000 - 0x76bcb000 	C:\WINDOWS\system32\PSAPI.DLL
0x6d890000 - 0x6d89f000 	D:\env\Java\jdk\jre\bin\zip.dll
0x76d70000 - 0x76d92000 	C:\WINDOWS\system32\Apphelp.dll
0x77bd0000 - 0x77bd8000 	C:\WINDOWS\system32\VERSION.dll
0x6d6b0000 - 0x6d6c3000 	D:\env\Java\jdk\jre\bin\net.dll
0x71a20000 - 0x71a37000 	C:\WINDOWS\system32\WS2_32.dll
0x77be0000 - 0x77c38000 	C:\WINDOWS\system32\msvcrt.dll
0x71a10000 - 0x71a18000 	C:\WINDOWS\system32\WS2HELP.dll
0x6d6d0000 - 0x6d6d9000 	D:\env\Java\jdk\jre\bin\nio.dll
0x68000000 - 0x68036000 	C:\WINDOWS\system32\rsaenh.dll
0x759d0000 - 0x75a7f000 	C:\WINDOWS\system32\USERENV.dll
0x5fdd0000 - 0x5fe25000 	C:\WINDOWS\system32\netapi32.dll
0x719c0000 - 0x719fe000 	C:\WINDOWS\System32\mswsock.dll
0x76ef0000 - 0x76f17000 	C:\WINDOWS\system32\DNSAPI.dll
0x76d30000 - 0x76d48000 	C:\WINDOWS\system32\iphlpapi.dll
0x76f80000 - 0x76f88000 	C:\WINDOWS\System32\winrnr.dll
0x76f30000 - 0x76f5c000 	C:\WINDOWS\system32\WLDAP32.dll
0x76f90000 - 0x76f96000 	C:\WINDOWS\system32\rasadhlp.dll
0x765e0000 - 0x76673000 	C:\WINDOWS\system32\Crypt32.dll
0x76db0000 - 0x76dc2000 	C:\WINDOWS\system32\MSASN1.dll
0x71f00000 - 0x71f04000 	C:\WINDOWS\system32\Security.dll
0x7d590000 - 0x7dd84000 	C:\WINDOWS\system32\Shell32.dll
0x77f40000 - 0x77fb6000 	C:\WINDOWS\system32\SHLWAPI.dll
0x77180000 - 0x77283000 	C:\WINDOWS\WinSxS\x86_Microsoft.Windows.Common-Controls_6595b64144ccf1df_6.0.2600.6028_x-ww_61e65202\comctl32.dll
0x6d830000 - 0x6d838000 	D:\env\Java\jdk\jre\bin\sunmscapi.dll
0x03800000 - 0x03812000 	C:\Program Files\Common Files\Thunder Network\NetMon\net_monitor1.0.2.25.dll
0x76990000 - 0x76ace000 	C:\WINDOWS\system32\ole32.dll
0x7c3c0000 - 0x7c43c000 	C:\WINDOWS\system32\MSVCP71.dll
0x60fd0000 - 0x61025000 	C:\WINDOWS\system32\hnetcfg.dll
0x71a00000 - 0x71a08000 	C:\WINDOWS\System32\wshtcpip.dll

VM Arguments:
jvm_args: -Dclassworlds.conf=D:\env\opensource\apache\maven\bin\m2.conf -Dmaven.home=D:\env\opensource\apache\maven 
java_command: org.codehaus.plexus.classworlds.launcher.Launcher verify
Launcher Type: SUN_STANDARD

Environment Variables:
JAVA_HOME=D:\env\Java\jdk
CLASSPATH=D:\env\clojure\clojure.jar;D:\env\clojure\clojure-slim.jar
PATH=D:\env\clojure\leiningen\lein\;D:\env\Python\;D:\env\Database\oracleclient;D:\env\opensource\apache\maven\bin;D:\env\opensource\apache\ant\bin;D:\env\Java\jdk\bin;C:\WINDOWS\system32;C:\WINDOWS;C:\WINDOWS\System32\Wbem;C:\Program Files\MacType;C:\Program Files\Common Files\Thunder Network\KanKan\Codecs;D:\env\TortoiseSVN\bin;D:\Program Files\toolkits\Gow\bin;D:\env\git\cmd;D:\env\git\bin
USERNAME=bjhbliu
OS=Windows_NT
PROCESSOR_IDENTIFIER=x86 Family 6 Model 23 Stepping 10, GenuineIntel



---------------  S Y S T E M  ---------------

OS: Windows XP Build 2600 Service Pack 3

CPU:total 2 (2 cores per cpu, 1 threads per core) family 6 model 23 stepping 10, cmov, cx8, fxsr, mmx, sse, sse2, sse3, ssse3

Memory: 4k page, physical 2061484k(142508k free), swap 6027860k(3621100k free)

vm_info: Java HotSpot(TM) Client VM (20.0-b11) for windows-x86 JRE (1.6.0_25-b06), built on Apr 14 2011 01:04:32 by "java_re" with MS VC++ 7.1 (VS2003)

time: Fri Jan 20 13:40:53 2012
elapsed time: 10 seconds

